build/Android_Qt_6_5_3_Clang_armeabi_v7a-Debug/android-build/build/intermediates/manifest_merge_blame_file/debug/manifest-merger-blame-debug-report.txt
1<?xml version="1.0" encoding="utf-8"?>
2<manifest xmlns:android="http://schemas.android.com/apk/res/android"
3    package="org.qtproject.example.appTest"
4    android:installLocation="auto"
5    android:versionCode="1"
6    android:versionName="1.0" >
7
8    <uses-sdk
9        android:minSdkVersion="23"
9-->Android_Qt_6_5_3_Clang_armeabi_v7a-Debug\android-build\AndroidManifest.xml
10        android:targetSdkVersion="31" />
10-->Android_Qt_6_5_3_Clang_armeabi_v7a-Debug\android-build\AndroidManifest.xml
11
12    <uses-permission android:name="android.permission.INTERNET" />
12-->Android_Qt_6_5_3_Clang_armeabi_v7a-Debug\android-build\AndroidManifest.xml:7:5-67
12-->Android_Qt_6_5_3_Clang_armeabi_v7a-Debug\android-build\AndroidManifest.xml:7:22-64
13    <uses-permission android:name="android.permission.WRITE_EXTERNAL_STORAGE" />
13-->Android_Qt_6_5_3_Clang_armeabi_v7a-Debug\android-build\AndroidManifest.xml:8:5-81
13-->Android_Qt_6_5_3_Clang_armeabi_v7a-Debug\android-build\AndroidManifest.xml:8:22-78
14    <uses-permission android:name="android.permission.ACCESS_NETWORK_STATE" />
14-->Android_Qt_6_5_3_Clang_armeabi_v7a-Debug\android-build\AndroidManifest.xml:9:5-79
14-->Android_Qt_6_5_3_Clang_armeabi_v7a-Debug\android-build\AndroidManifest.xml:9:22-76
15    <uses-permission android:name="android.permission.ACCESS_FINE_LOCATION" />
15-->Android_Qt_6_5_3_Clang_armeabi_v7a-Debug\android-build\AndroidManifest.xml:10:5-79
15-->Android_Qt_6_5_3_Clang_armeabi_v7a-Debug\android-build\AndroidManifest.xml:10:22-76
16
17    <supports-screens
17-->Android_Qt_6_5_3_Clang_armeabi_v7a-Debug\android-build\AndroidManifest.xml:12:5-16:39
18        android:anyDensity="true"
18-->Android_Qt_6_5_3_Clang_armeabi_v7a-Debug\android-build\AndroidManifest.xml:13:9-34
19        android:largeScreens="true"
19-->Android_Qt_6_5_3_Clang_armeabi_v7a-Debug\android-build\AndroidManifest.xml:14:9-36
20        android:normalScreens="true"
20-->Android_Qt_6_5_3_Clang_armeabi_v7a-Debug\android-build\AndroidManifest.xml:15:9-37
21        android:smallScreens="true" />
21-->Android_Qt_6_5_3_Clang_armeabi_v7a-Debug\android-build\AndroidManifest.xml:16:9-36
22
23    <application
23-->Android_Qt_6_5_3_Clang_armeabi_v7a-Debug\android-build\AndroidManifest.xml:17:5-49:19
24        android:name="org.qtproject.qt.android.bindings.QtApplication"
24-->Android_Qt_6_5_3_Clang_armeabi_v7a-Debug\android-build\AndroidManifest.xml:18:9-71
25        android:allowBackup="true"
25-->Android_Qt_6_5_3_Clang_armeabi_v7a-Debug\android-build\AndroidManifest.xml:23:9-35
26        android:allowNativeHeapPointerTagging="false"
26-->Android_Qt_6_5_3_Clang_armeabi_v7a-Debug\android-build\AndroidManifest.xml:22:9-54
27        android:debuggable="true"
28        android:fullBackupOnly="false"
28-->Android_Qt_6_5_3_Clang_armeabi_v7a-Debug\android-build\AndroidManifest.xml:24:9-39
29        android:hardwareAccelerated="true"
29-->Android_Qt_6_5_3_Clang_armeabi_v7a-Debug\android-build\AndroidManifest.xml:19:9-43
30        android:label="appTest"
30-->Android_Qt_6_5_3_Clang_armeabi_v7a-Debug\android-build\AndroidManifest.xml:20:9-32
31        android:requestLegacyExternalStorage="true" >
31-->Android_Qt_6_5_3_Clang_armeabi_v7a-Debug\android-build\AndroidManifest.xml:21:9-52
32        <activity
32-->Android_Qt_6_5_3_Clang_armeabi_v7a-Debug\android-build\AndroidManifest.xml:25:9-48:20
33            android:name="org.qtproject.qt.android.bindings.QtActivity"
33-->Android_Qt_6_5_3_Clang_armeabi_v7a-Debug\android-build\AndroidManifest.xml:26:13-72
34            android:configChanges="orientation|uiMode|screenLayout|screenSize|smallestScreenSize|layoutDirection|locale|fontScale|keyboard|keyboardHidden|navigation|mcc|mnc|density"
34-->Android_Qt_6_5_3_Clang_armeabi_v7a-Debug\android-build\AndroidManifest.xml:27:13-182
35            android:exported="true"
35-->Android_Qt_6_5_3_Clang_armeabi_v7a-Debug\android-build\AndroidManifest.xml:31:13-36
36            android:label="appTest"
36-->Android_Qt_6_5_3_Clang_armeabi_v7a-Debug\android-build\AndroidManifest.xml:28:13-36
37            android:launchMode="singleTop"
37-->Android_Qt_6_5_3_Clang_armeabi_v7a-Debug\android-build\AndroidManifest.xml:29:13-43
38            android:screenOrientation="unspecified" >
38-->Android_Qt_6_5_3_Clang_armeabi_v7a-Debug\android-build\AndroidManifest.xml:30:13-52
39            <intent-filter>
39-->Android_Qt_6_5_3_Clang_armeabi_v7a-Debug\android-build\AndroidManifest.xml:32:13-35:29
40                <action android:name="android.intent.action.MAIN" />
40-->Android_Qt_6_5_3_Clang_armeabi_v7a-Debug\android-build\AndroidManifest.xml:33:17-69
40-->Android_Qt_6_5_3_Clang_armeabi_v7a-Debug\android-build\AndroidManifest.xml:33:25-66
41
42                <category android:name="android.intent.category.LAUNCHER" />
42-->Android_Qt_6_5_3_Clang_armeabi_v7a-Debug\android-build\AndroidManifest.xml:34:17-77
42-->Android_Qt_6_5_3_Clang_armeabi_v7a-Debug\android-build\AndroidManifest.xml:34:27-74
43            </intent-filter>
44
45            <meta-data
45-->Android_Qt_6_5_3_Clang_armeabi_v7a-Debug\android-build\AndroidManifest.xml:37:11-39:43
46                android:name="android.app.lib_name"
46-->Android_Qt_6_5_3_Clang_armeabi_v7a-Debug\android-build\AndroidManifest.xml:38:17-52
47                android:value="appTest" />
47-->Android_Qt_6_5_3_Clang_armeabi_v7a-Debug\android-build\AndroidManifest.xml:39:17-40
48            <meta-data
48-->Android_Qt_6_5_3_Clang_armeabi_v7a-Debug\android-build\AndroidManifest.xml:41:11-43:36
49                android:name="android.app.arguments"
49-->Android_Qt_6_5_3_Clang_armeabi_v7a-Debug\android-build\AndroidManifest.xml:42:17-53
50                android:value="" />
50-->Android_Qt_6_5_3_Clang_armeabi_v7a-Debug\android-build\AndroidManifest.xml:43:17-33
51            <meta-data
51-->Android_Qt_6_5_3_Clang_armeabi_v7a-Debug\android-build\AndroidManifest.xml:45:13-47:43
52                android:name="android.app.extract_android_style"
52-->Android_Qt_6_5_3_Clang_armeabi_v7a-Debug\android-build\AndroidManifest.xml:46:17-65
53                android:value="minimal" />
53-->Android_Qt_6_5_3_Clang_armeabi_v7a-Debug\android-build\AndroidManifest.xml:47:17-40
54        </activity>
55    </application>
56
57</manifest>